{"target": 0.8545258782235723, "params": {"detectionthresholdsquare": 0.4033297567873635, "minimalnumberofconnections": 14.824973488246144, "pafthreshold": 0.3778913898417431}, "datetime": {"datetime": "2021-07-12 16:04:05", "elapsed": 515.055275, "delta": 7.063713}}
{"target": 0.8545866143218953, "params": {"detectionthresholdsquare": 0.3064927212058045, "minimalnumberofconnections": 14.680546156701462, "pafthreshold": 0.29968007121239665}, "datetime": {"datetime": "2021-07-12 16:04:13", "elapsed": 522.863825, "delta": 7.80855}}
{"target": 0.7669859649590632, "params": {"detectionthresholdsquare": 0.476356350002459, "minimalnumberofconnections": 18.87226341954571, "pafthreshold": 0.16913451903246135}, "datetime": {"datetime": "2021-07-12 16:04:20", "elapsed": 529.434436, "delta": 6.570611}}
{"target": 0.7531875439449501, "params": {"detectionthresholdsquare": 0.8560212427876419, "minimalnumberofconnections": 20.059663579467777, "pafthreshold": 0.17426786052670235}, "datetime": {"datetime": "2021-07-12 16:04:26", "elapsed": 535.901607, "delta": 6.467171}}
{"target": 0.5843298081718126, "params": {"detectionthresholdsquare": 0.7834810242318653, "minimalnumberofconnections": 3.378086785425311, "pafthreshold": 0.6343931977545594}, "datetime": {"datetime": "2021-07-12 16:04:30", "elapsed": 539.737125, "delta": 3.835518}}
{"target": 0.7369698188557979, "params": {"detectionthresholdsquare": 0.3019886898240196, "minimalnumberofconnections": 19.70514585640288, "pafthreshold": 0.06992965516006398}, "datetime": {"datetime": "2021-07-12 16:04:37", "elapsed": 546.487319, "delta": 6.750194}}
{"target": 0.7849431200694347, "params": {"detectionthresholdsquare": 0.4912314190824403, "minimalnumberofconnections": 20.40888177858214, "pafthreshold": 0.07780081670564293}, "datetime": {"datetime": "2021-07-12 16:04:43", "elapsed": 553.139693, "delta": 6.652374}}
{"target": 0.7849431200694347, "params": {"detectionthresholdsquare": 0.5233327215655975, "minimalnumberofconnections": 20.181751745208125, "pafthreshold": 0.21184538105170925}, "datetime": {"datetime": "2021-07-12 16:04:50", "elapsed": 559.640447, "delta": 6.500754}}
{"target": 0.7295973253313671, "params": {"detectionthresholdsquare": 0.28254311875722854, "minimalnumberofconnections": 19.258500100392965, "pafthreshold": 0.1483282507713107}, "datetime": {"datetime": "2021-07-12 16:04:57", "elapsed": 566.323981, "delta": 6.683534}}
{"target": 0.7531875439449501, "params": {"detectionthresholdsquare": 0.8531440462332096, "minimalnumberofconnections": 20.133303527016857, "pafthreshold": 0.05617637918126826}, "datetime": {"datetime": "2021-07-12 16:05:03", "elapsed": 573.295264, "delta": 6.971283}}
{"target": 0.7295973253313671, "params": {"detectionthresholdsquare": 0.37893349548080135, "minimalnumberofconnections": 19.17783621673068, "pafthreshold": 0.1387456319756865}, "datetime": {"datetime": "2021-07-12 16:05:10", "elapsed": 579.859961, "delta": 6.564697}}
{"target": 0.7562877040967247, "params": {"detectionthresholdsquare": 0.24179762089663434, "minimalnumberofconnections": 19.4301046971765, "pafthreshold": 0.10469186562419217}, "datetime": {"datetime": "2021-07-12 16:05:17", "elapsed": 586.861198, "delta": 7.001237}}
{"target": 0.7849431200694347, "params": {"detectionthresholdsquare": 0.635960588559014, "minimalnumberofconnections": 20.39243296508712, "pafthreshold": 0.0873599896362014}, "datetime": {"datetime": "2021-07-12 16:05:24", "elapsed": 593.775344, "delta": 6.914146}}
{"target": 0.7849431200694347, "params": {"detectionthresholdsquare": 0.6236418491421313, "minimalnumberofconnections": 20.16308651571279, "pafthreshold": 0.1181636709666688}, "datetime": {"datetime": "2021-07-12 16:05:31", "elapsed": 600.722709, "delta": 6.947365}}
{"target": 0.7849431200694347, "params": {"detectionthresholdsquare": 0.5241249235907998, "minimalnumberofconnections": 20.427443511641492, "pafthreshold": 0.07162007214738098}, "datetime": {"datetime": "2021-07-12 16:05:38", "elapsed": 607.660639, "delta": 6.93793}}
{"target": 0.7690511438703855, "params": {"detectionthresholdsquare": 0.2602367511310365, "minimalnumberofconnections": 20.159438873792382, "pafthreshold": 0.11428263751907794}, "datetime": {"datetime": "2021-07-12 16:05:45", "elapsed": 614.621234, "delta": 6.960595}}
{"target": 0.7849431200694347, "params": {"detectionthresholdsquare": 0.6538492009322756, "minimalnumberofconnections": 20.221905601911825, "pafthreshold": 0.1709192123413378}, "datetime": {"datetime": "2021-07-12 16:05:51", "elapsed": 621.267819, "delta": 6.646585}}
{"target": 0.5363865502785508, "params": {"detectionthresholdsquare": 0.735462075985489, "minimalnumberofconnections": 3.448387428422086, "pafthreshold": 0.6476835898387953}, "datetime": {"datetime": "2021-07-12 16:05:55", "elapsed": 625.157265, "delta": 3.889446}}
{"target": 0.9388059056663685, "params": {"detectionthresholdsquare": 0.19655047874583076, "minimalnumberofconnections": 5.976335878600672, "pafthreshold": 0.29724148179391574}, "datetime": {"datetime": "2021-07-12 16:06:04", "elapsed": 633.55011, "delta": 8.392845}}
{"target": 0.764859399481327, "params": {"detectionthresholdsquare": 0.6995112638833465, "minimalnumberofconnections": 19.703401283397238, "pafthreshold": 0.12177140321649983}, "datetime": {"datetime": "2021-07-12 16:06:10", "elapsed": 640.240696, "delta": 6.690586}}
{"target": 0.7531875439449501, "params": {"detectionthresholdsquare": 0.8343879859374509, "minimalnumberofconnections": 20.144283907931584, "pafthreshold": 0.16069185626225477}, "datetime": {"datetime": "2021-07-12 16:06:17", "elapsed": 646.805645, "delta": 6.564949}}
{"target": 0.7321617314559555, "params": {"detectionthresholdsquare": 0.8200697265971728, "minimalnumberofconnections": 19.94151076988705, "pafthreshold": 0.16191532714842977}, "datetime": {"datetime": "2021-07-12 16:06:24", "elapsed": 653.481967, "delta": 6.676322}}
{"target": 0.8377951560085148, "params": {"detectionthresholdsquare": 0.3470363155349466, "minimalnumberofconnections": 12.162727658315049, "pafthreshold": 0.5097618030292583}, "datetime": {"datetime": "2021-07-12 16:06:29", "elapsed": 659.012008, "delta": 5.530041}}
{"target": 0.7849431200694347, "params": {"detectionthresholdsquare": 0.5689183570736468, "minimalnumberofconnections": 20.35110821002503, "pafthreshold": 0.08575107097359519}, "datetime": {"datetime": "2021-07-12 16:06:36", "elapsed": 665.860974, "delta": 6.848966}}
{"target": 0.7849431200694347, "params": {"detectionthresholdsquare": 0.5926062337928979, "minimalnumberofconnections": 20.064838364531433, "pafthreshold": 0.05763006715279972}, "datetime": {"datetime": "2021-07-12 16:06:43", "elapsed": 672.666809, "delta": 6.805835}}
{"target": 0.7295973253313671, "params": {"detectionthresholdsquare": 0.34612688344382436, "minimalnumberofconnections": 19.840404214291198, "pafthreshold": 0.1403056894952716}, "datetime": {"datetime": "2021-07-12 16:06:50", "elapsed": 679.403531, "delta": 6.736722}}
{"target": 0.7562877040967247, "params": {"detectionthresholdsquare": 0.24379653118588113, "minimalnumberofconnections": 19.90626809403442, "pafthreshold": 0.11275641291034233}, "datetime": {"datetime": "2021-07-12 16:06:56", "elapsed": 686.088704, "delta": 6.685173}}
{"target": 0.8735709673962219, "params": {"detectionthresholdsquare": 0.6896203365313043, "minimalnumberofconnections": 3.629482625558092, "pafthreshold": 0.5091480736164036}, "datetime": {"datetime": "2021-07-12 16:07:02", "elapsed": 691.961109, "delta": 5.872405}}
{"target": 0.7849431200694347, "params": {"detectionthresholdsquare": 0.5063624278401246, "minimalnumberofconnections": 20.376547339012884, "pafthreshold": 0.14341788110824044}, "datetime": {"datetime": "2021-07-12 16:07:09", "elapsed": 698.572357, "delta": 6.611248}}
{"target": 0.8353922078670769, "params": {"detectionthresholdsquare": 0.26756797636074553, "minimalnumberofconnections": 12.205288148471778, "pafthreshold": 0.515498089077278}, "datetime": {"datetime": "2021-07-12 16:07:14", "elapsed": 704.011251, "delta": 5.438894}}
{"target": 0.7849431200694347, "params": {"detectionthresholdsquare": 0.5209409637846422, "minimalnumberofconnections": 20.38286615531264, "pafthreshold": 0.1233602319720928}, "datetime": {"datetime": "2021-07-12 16:07:21", "elapsed": 710.7325, "delta": 6.721249}}
{"target": 0.7739557336882655, "params": {"detectionthresholdsquare": 0.44414065849621254, "minimalnumberofconnections": 18.972070443970967, "pafthreshold": 0.12230762730787242}, "datetime": {"datetime": "2021-07-12 16:07:28", "elapsed": 717.55163, "delta": 6.81913}}
{"target": 0.7849431200694347, "params": {"detectionthresholdsquare": 0.5247511025880653, "minimalnumberofconnections": 20.40848727039759, "pafthreshold": 0.10259834872192641}, "datetime": {"datetime": "2021-07-12 16:07:34", "elapsed": 724.206199, "delta": 6.654569}}
{"target": 0.764859399481327, "params": {"detectionthresholdsquare": 0.49289561049836383, "minimalnumberofconnections": 19.834160943917603, "pafthreshold": 0.10569116225097243}, "datetime": {"datetime": "2021-07-12 16:07:41", "elapsed": 730.965622, "delta": 6.759423}}
{"target": 0.7851572562742724, "params": {"detectionthresholdsquare": 0.5147691489581941, "minimalnumberofconnections": 18.813535563400727, "pafthreshold": 0.14094504129302637}, "datetime": {"datetime": "2021-07-12 16:07:48", "elapsed": 737.650607, "delta": 6.684985}}
{"target": 0.933563768371026, "params": {"detectionthresholdsquare": 0.1486154220759222, "minimalnumberofconnections": 6.143333465193909, "pafthreshold": 0.33647983010259885}, "datetime": {"datetime": "2021-07-12 16:07:56", "elapsed": 745.644019, "delta": 7.993412}}
{"target": 0.7849431200694347, "params": {"detectionthresholdsquare": 0.5866157386439493, "minimalnumberofconnections": 20.405206753056497, "pafthreshold": 0.06267395180146502}, "datetime": {"datetime": "2021-07-12 16:08:03", "elapsed": 752.388021, "delta": 6.744002}}
{"target": 0.764859399481327, "params": {"detectionthresholdsquare": 0.563306786326493, "minimalnumberofconnections": 19.205016564242495, "pafthreshold": 0.11263277034163854}, "datetime": {"datetime": "2021-07-12 16:08:09", "elapsed": 759.035305, "delta": 6.647284}}
