{"target": -1000000000.0, "params": {"detectionthresholdsquare": 0.33708610696262625, "minimalnumberofconnections": 109.38143093073045, "pafthreshold": 0.5257960621774133}, "datetime": {"datetime": "2021-07-12 15:55:30", "elapsed": 0.0, "delta": 0.0}}
{"target": 0.7851572562742724, "params": {"detectionthresholdsquare": 0.5387926357773329, "minimalnumberofconnections": 18.786125010437765, "pafthreshold": 0.15139643821853171}, "datetime": {"datetime": "2021-07-12 15:55:37", "elapsed": 6.445874, "delta": 6.445874}}
{"target": -1000000000.0, "params": {"detectionthresholdsquare": 0.05227525095137952, "minimalnumberofconnections": 99.74408061834261, "pafthreshold": 0.44072475763308566}, "datetime": {"datetime": "2021-07-12 15:55:41", "elapsed": 11.272842, "delta": 4.826968}}
{"target": 0.4121801287174727, "params": {"detectionthresholdsquare": 0.637265320016441, "minimalnumberofconnections": 3.346632349721479, "pafthreshold": 0.6804414039052963}, "datetime": {"datetime": "2021-07-12 15:55:44", "elapsed": 14.241073, "delta": 2.968231}}
{"target": -1000000000.0, "params": {"detectionthresholdsquare": 0.7491983767203796, "minimalnumberofconnections": 25.20665861732348, "pafthreshold": 0.16818622868461539}, "datetime": {"datetime": "2021-07-12 15:55:51", "elapsed": 20.730172, "delta": 6.489099}}
{"target": -1000000000.0, "params": {"detectionthresholdsquare": 0.16506405886809045, "minimalnumberofconnections": 35.6836156973873, "pafthreshold": 0.39109168056095456}, "datetime": {"datetime": "2021-07-12 15:55:56", "elapsed": 26.145143, "delta": 5.414971}}
{"target": -1000000000.0, "params": {"detectionthresholdsquare": 0.3887505167779042, "minimalnumberofconnections": 34.200121982576775, "pafthreshold": 0.4477043815695466}, "datetime": {"datetime": "2021-07-12 15:56:01", "elapsed": 30.853536, "delta": 4.708393}}
{"target": -1000000000.0, "params": {"detectionthresholdsquare": 0.12554447458683765, "minimalnumberofconnections": 34.30448993301487, "pafthreshold": 0.28813519814089955}, "datetime": {"datetime": "2021-07-12 15:56:07", "elapsed": 37.052572, "delta": 6.199036}}
{"target": -1000000000.0, "params": {"detectionthresholdsquare": 0.41046298579533236, "minimalnumberofconnections": 90.51005959880355, "pafthreshold": 0.17978795840293382}, "datetime": {"datetime": "2021-07-12 15:56:14", "elapsed": 43.39897, "delta": 6.346398}}
{"target": -1000000000.0, "params": {"detectionthresholdsquare": 0.46281099457225044, "minimalnumberofconnections": 68.53526085027283, "pafthreshold": 0.08019276826799852}, "datetime": {"datetime": "2021-07-12 15:56:20", "elapsed": 49.88247, "delta": 6.4835}}
{"target": 0.7849431200694347, "params": {"detectionthresholdsquare": 0.5467903667112946, "minimalnumberofconnections": 20.439750100351233, "pafthreshold": 0.09228353544043169}, "datetime": {"datetime": "2021-07-12 15:56:27", "elapsed": 56.467838, "delta": 6.585368}}
{"target": -1000000000.0, "params": {"detectionthresholdsquare": 0.8539969835279999, "minimalnumberofconnections": 111.08205177049976, "pafthreshold": 0.5754582762756997}, "datetime": {"datetime": "2021-07-12 15:56:29", "elapsed": 59.238159, "delta": 2.770321}}
{"target": 0.8425665314433726, "params": {"detectionthresholdsquare": 0.2741523922560336, "minimalnumberofconnections": 12.134620996727762, "pafthreshold": 0.4947514672329019}, "datetime": {"datetime": "2021-07-12 15:56:35", "elapsed": 64.859549, "delta": 5.62139}}
{"target": 0.8545179890780841, "params": {"detectionthresholdsquare": 0.3961372443656412, "minimalnumberofconnections": 14.912358772304787, "pafthreshold": 0.37186499157232555}, "datetime": {"datetime": "2021-07-12 15:56:42", "elapsed": 71.805383, "delta": 6.945834}}
{"target": -1000000000.0, "params": {"detectionthresholdsquare": 0.030949669003696556, "minimalnumberofconnections": 104.66252583698116, "pafthreshold": 0.21820698804001099}, "datetime": {"datetime": "2021-07-12 15:56:48", "elapsed": 78.283419, "delta": 6.478036}}
{"target": -1000000000.0, "params": {"detectionthresholdsquare": 0.5962700559185838, "minimalnumberofconnections": 36.53506267419285, "pafthreshold": 0.38804421376557696}, "datetime": {"datetime": "2021-07-12 15:56:54", "elapsed": 83.854569, "delta": 5.57115}}
{"target": -1000000000.0, "params": {"detectionthresholdsquare": 0.4920392514089517, "minimalnumberofconnections": 22.073407929910083, "pafthreshold": 0.680230008046963}, "datetime": {"datetime": "2021-07-12 15:56:56", "elapsed": 85.432566, "delta": 1.577997}}
{"target": -1000000000.0, "params": {"detectionthresholdsquare": 0.6976195410250031, "minimalnumberofconnections": 108.10287933831756, "pafthreshold": 0.6316377777779717}, "datetime": {"datetime": "2021-07-12 15:56:58", "elapsed": 87.477395, "delta": 2.044829}}
{"target": -1000000000.0, "params": {"detectionthresholdsquare": 0.5381099809299766, "minimalnumberofconnections": 106.09366279263531, "pafthreshold": 0.10752012633374766}, "datetime": {"datetime": "2021-07-12 15:57:04", "elapsed": 93.929607, "delta": 6.452212}}
{"target": 0.9355042578425687, "params": {"detectionthresholdsquare": 0.1763845761772307, "minimalnumberofconnections": 6.155910935801339, "pafthreshold": 0.2614647149961218}, "datetime": {"datetime": "2021-07-12 15:57:12", "elapsed": 102.088703, "delta": 8.159096}}
{"target": 0.764859399481327, "params": {"detectionthresholdsquare": 0.5537388311738757, "minimalnumberofconnections": 19.734828540022527, "pafthreshold": 0.06333963261313494}, "datetime": {"datetime": "2021-07-12 15:57:19", "elapsed": 108.763189, "delta": 6.674486}}
{"target": 0.7849431200694347, "params": {"detectionthresholdsquare": 0.5919485082813846, "minimalnumberofconnections": 20.22334626942742, "pafthreshold": 0.06295679983517505}, "datetime": {"datetime": "2021-07-12 15:57:26", "elapsed": 115.522327, "delta": 6.759138}}
{"target": 0.7690511438703855, "params": {"detectionthresholdsquare": 0.24177976141593052, "minimalnumberofconnections": 20.235905445832003, "pafthreshold": 0.09893279912648578}, "datetime": {"datetime": "2021-07-12 15:57:32", "elapsed": 122.273658, "delta": 6.751331}}
{"target": 0.7542812628523543, "params": {"detectionthresholdsquare": 0.5240621957091496, "minimalnumberofconnections": 19.117308380966655, "pafthreshold": 0.15100445617922498}, "datetime": {"datetime": "2021-07-12 15:57:39", "elapsed": 128.886915, "delta": 6.613257}}
{"target": 0.8455360379091275, "params": {"detectionthresholdsquare": 0.26726829100583605, "minimalnumberofconnections": 12.392335133221165, "pafthreshold": 0.48325500502817537}, "datetime": {"datetime": "2021-07-12 15:57:45", "elapsed": 134.769687, "delta": 5.882772}}
{"target": 0.7440844816358188, "params": {"detectionthresholdsquare": 0.4060483364285124, "minimalnumberofconnections": 20.325920492519412, "pafthreshold": 0.09407477130898628}, "datetime": {"datetime": "2021-07-12 15:57:52", "elapsed": 141.513913, "delta": 6.744226}}
{"target": 0.7562877040967247, "params": {"detectionthresholdsquare": 0.21854020094934032, "minimalnumberofconnections": 19.49081059831999, "pafthreshold": 0.1118908295257775}, "datetime": {"datetime": "2021-07-12 15:57:58", "elapsed": 148.276532, "delta": 6.762619}}
{"target": 0.7479963342864095, "params": {"detectionthresholdsquare": 0.24164990040798523, "minimalnumberofconnections": 19.906192878729527, "pafthreshold": 0.13612085232311982}, "datetime": {"datetime": "2021-07-12 15:58:05", "elapsed": 154.888215, "delta": 6.611683}}
{"target": 0.5381257060712428, "params": {"detectionthresholdsquare": 0.6076069045513541, "minimalnumberofconnections": 3.5709990630714987, "pafthreshold": 0.6473958568857504}, "datetime": {"datetime": "2021-07-12 15:58:09", "elapsed": 158.564355, "delta": 3.67614}}
{"target": 0.7562877040967247, "params": {"detectionthresholdsquare": 0.20831206306781477, "minimalnumberofconnections": 19.849346376559872, "pafthreshold": 0.05891913790367266}, "datetime": {"datetime": "2021-07-12 15:58:16", "elapsed": 165.339381, "delta": 6.775026}}
{"target": 0.9398964992499411, "params": {"detectionthresholdsquare": 0.12816375300401844, "minimalnumberofconnections": 5.9954589189522745, "pafthreshold": 0.2279536653530438}, "datetime": {"datetime": "2021-07-12 15:58:24", "elapsed": 173.754242, "delta": 8.414861}}
{"target": 0.9382966510383574, "params": {"detectionthresholdsquare": 0.24357629660299046, "minimalnumberofconnections": 5.964821408959853, "pafthreshold": 0.27643039102836714}, "datetime": {"datetime": "2021-07-12 15:58:32", "elapsed": 182.086675, "delta": 8.332433}}
{"target": 0.7369698188557979, "params": {"detectionthresholdsquare": 0.4296206274558498, "minimalnumberofconnections": 19.101652607344167, "pafthreshold": 0.0834291567183591}, "datetime": {"datetime": "2021-07-12 15:58:39", "elapsed": 188.780684, "delta": 6.694009}}
{"target": 0.7369698188557979, "params": {"detectionthresholdsquare": 0.3567278689300141, "minimalnumberofconnections": 19.692314246518322, "pafthreshold": 0.09824928623253763}, "datetime": {"datetime": "2021-07-12 15:58:46", "elapsed": 195.379579, "delta": 6.598895}}
{"target": 0.764859399481327, "params": {"detectionthresholdsquare": 0.5046508295231023, "minimalnumberofconnections": 19.49788842958454, "pafthreshold": 0.08950789018621205}, "datetime": {"datetime": "2021-07-12 15:58:52", "elapsed": 202.008815, "delta": 6.629236}}
{"target": 0.8542936290756317, "params": {"detectionthresholdsquare": 0.4166928724748347, "minimalnumberofconnections": 14.813706046614442, "pafthreshold": 0.40576576047251023}, "datetime": {"datetime": "2021-07-12 15:58:59", "elapsed": 208.860473, "delta": 6.851658}}
{"target": 0.7669859649590632, "params": {"detectionthresholdsquare": 0.4215850038496343, "minimalnumberofconnections": 18.888976132148272, "pafthreshold": 0.16059008004887027}, "datetime": {"datetime": "2021-07-12 15:59:06", "elapsed": 215.522144, "delta": 6.661671}}
{"target": 0.5211773144371007, "params": {"detectionthresholdsquare": 0.6080314671666613, "minimalnumberofconnections": 3.469212441021411, "pafthreshold": 0.6515904977680789}, "datetime": {"datetime": "2021-07-12 15:59:09", "elapsed": 219.11609, "delta": 3.593946}}
{"target": 0.933113078029148, "params": {"detectionthresholdsquare": 0.17220338948817615, "minimalnumberofconnections": 6.0669048088091735, "pafthreshold": 0.35157344620631126}, "datetime": {"datetime": "2021-07-12 15:59:17", "elapsed": 226.957875, "delta": 7.841785}}
{"target": 0.8537841573561528, "params": {"detectionthresholdsquare": 0.30964516696095157, "minimalnumberofconnections": 12.275950292470826, "pafthreshold": 0.42332847881958446}, "datetime": {"datetime": "2021-07-12 15:59:24", "elapsed": 233.73724, "delta": 6.779365}}
{"target": 0.7562877040967247, "params": {"detectionthresholdsquare": 0.18855493645343716, "minimalnumberofconnections": 19.950672430535846, "pafthreshold": 0.07686367517845014}, "datetime": {"datetime": "2021-07-12 15:59:31", "elapsed": 240.488752, "delta": 6.751512}}
{"target": 0.3788449719540064, "params": {"detectionthresholdsquare": 0.7710021745042853, "minimalnumberofconnections": 3.474906386064598, "pafthreshold": 0.6902215729555928}, "datetime": {"datetime": "2021-07-12 15:59:34", "elapsed": 243.334493, "delta": 2.845741}}
{"target": 0.9350054533786754, "params": {"detectionthresholdsquare": 0.20606245243335672, "minimalnumberofconnections": 6.020962740810565, "pafthreshold": 0.26669799324666876}, "datetime": {"datetime": "2021-07-12 15:59:42", "elapsed": 251.733332, "delta": 8.398839}}
{"target": 0.8158608334741683, "params": {"detectionthresholdsquare": 0.32071009637068115, "minimalnumberofconnections": 12.207472772775226, "pafthreshold": 0.5489880838915441}, "datetime": {"datetime": "2021-07-12 15:59:47", "elapsed": 256.488597, "delta": 4.755265}}
{"target": 0.7849431200694347, "params": {"detectionthresholdsquare": 0.5533045914628569, "minimalnumberofconnections": 20.347431706900945, "pafthreshold": 0.06145632386578096}, "datetime": {"datetime": "2021-07-12 15:59:53", "elapsed": 263.225843, "delta": 6.737246}}
{"target": 0.7531875439449501, "params": {"detectionthresholdsquare": 0.7495730723662197, "minimalnumberofconnections": 20.182972285128713, "pafthreshold": 0.2207378186472293}, "datetime": {"datetime": "2021-07-12 16:00:00", "elapsed": 269.550061, "delta": 6.324218}}
{"target": 0.7849431200694347, "params": {"detectionthresholdsquare": 0.4940365834245076, "minimalnumberofconnections": 20.15438263806406, "pafthreshold": 0.17862279071843434}, "datetime": {"datetime": "2021-07-12 16:00:06", "elapsed": 276.059013, "delta": 6.508952}}
{"target": 0.7849431200694347, "params": {"detectionthresholdsquare": 0.7139242944683776, "minimalnumberofconnections": 20.316706429417593, "pafthreshold": 0.1308591695360537}, "datetime": {"datetime": "2021-07-12 16:00:13", "elapsed": 282.664956, "delta": 6.605943}}
{"target": 0.7531875439449501, "params": {"detectionthresholdsquare": 0.7526461573390254, "minimalnumberofconnections": 20.058007350750273, "pafthreshold": 0.15389144404239713}, "datetime": {"datetime": "2021-07-12 16:00:19", "elapsed": 289.157306, "delta": 6.49235}}
{"target": 0.7631822441901954, "params": {"detectionthresholdsquare": 0.5651641055603098, "minimalnumberofconnections": 20.264534019858438, "pafthreshold": 0.22800585804728463}, "datetime": {"datetime": "2021-07-12 16:00:26", "elapsed": 295.567173, "delta": 6.409867}}
{"target": 0.8364671163441029, "params": {"detectionthresholdsquare": 0.19556912542399674, "minimalnumberofconnections": 12.272841340185526, "pafthreshold": 0.5124148553691926}, "datetime": {"datetime": "2021-07-12 16:00:31", "elapsed": 301.013273, "delta": 5.4461}}
{"target": 0.7849431200694347, "params": {"detectionthresholdsquare": 0.5493805422133414, "minimalnumberofconnections": 20.22882358226544, "pafthreshold": 0.13412579391708712}, "datetime": {"datetime": "2021-07-12 16:00:38", "elapsed": 307.547135, "delta": 6.533862}}
{"target": 0.9391442108440127, "params": {"detectionthresholdsquare": 0.14536578398784383, "minimalnumberofconnections": 5.84480521558768, "pafthreshold": 0.30149103835256125}, "datetime": {"datetime": "2021-07-12 16:00:46", "elapsed": 315.804229, "delta": 8.257094}}
{"target": 0.8427036679153921, "params": {"detectionthresholdsquare": 0.24389436120188887, "minimalnumberofconnections": 12.261452005217137, "pafthreshold": 0.49340865067852724}, "datetime": {"datetime": "2021-07-12 16:00:52", "elapsed": 321.612917, "delta": 5.808688}}
{"target": 0.8544622458548483, "params": {"detectionthresholdsquare": 0.29668982101793057, "minimalnumberofconnections": 14.744867064609846, "pafthreshold": 0.3284500095924942}, "datetime": {"datetime": "2021-07-12 16:00:59", "elapsed": 329.090804, "delta": 7.477887}}
{"target": 0.7849431200694347, "params": {"detectionthresholdsquare": 0.708362677216621, "minimalnumberofconnections": 20.148727741137236, "pafthreshold": 0.1904688919668016}, "datetime": {"datetime": "2021-07-12 16:01:06", "elapsed": 335.594301, "delta": 6.503497}}
{"target": 0.7851572562742724, "params": {"detectionthresholdsquare": 0.5771660211951509, "minimalnumberofconnections": 18.91035532989698, "pafthreshold": 0.15631999277127553}, "datetime": {"datetime": "2021-07-12 16:01:12", "elapsed": 342.161106, "delta": 6.566805}}
{"target": 0.7369698188557979, "params": {"detectionthresholdsquare": 0.3765165650305401, "minimalnumberofconnections": 19.928808049492847, "pafthreshold": 0.05555821221683398}, "datetime": {"datetime": "2021-07-12 16:01:19", "elapsed": 348.924893, "delta": 6.763787}}
{"target": 0.4026540614777485, "params": {"detectionthresholdsquare": 0.6992885982876381, "minimalnumberofconnections": 3.4512209963498486, "pafthreshold": 0.6830718760979665}, "datetime": {"datetime": "2021-07-12 16:01:22", "elapsed": 351.995667, "delta": 3.070774}}
{"target": 0.9148329724035554, "params": {"detectionthresholdsquare": 0.6900616764262123, "minimalnumberofconnections": 3.7462768819502927, "pafthreshold": 0.45380352056443246}, "datetime": {"datetime": "2021-07-12 16:01:29", "elapsed": 358.678387, "delta": 6.68272}}
{"target": 0.8576558963022981, "params": {"detectionthresholdsquare": 0.7416902680656857, "minimalnumberofconnections": 3.5031752585954776, "pafthreshold": 0.5234647640723258}, "datetime": {"datetime": "2021-07-12 16:01:34", "elapsed": 364.269423, "delta": 5.591036}}
{"target": 0.816285531561497, "params": {"detectionthresholdsquare": 0.6451695784741546, "minimalnumberofconnections": 3.6929709476695285, "pafthreshold": 0.5527619133370584}, "datetime": {"datetime": "2021-07-12 16:01:40", "elapsed": 369.328312, "delta": 5.058889}}
{"target": 0.8554619642943094, "params": {"detectionthresholdsquare": 0.39956276144793773, "minimalnumberofconnections": 14.781626890384628, "pafthreshold": 0.3354253813231634}, "datetime": {"datetime": "2021-07-12 16:01:47", "elapsed": 376.668531, "delta": 7.340219}}
{"target": 0.7295973253313671, "params": {"detectionthresholdsquare": 0.29561340765653243, "minimalnumberofconnections": 19.995905811613245, "pafthreshold": 0.13944763629100643}, "datetime": {"datetime": "2021-07-12 16:01:54", "elapsed": 383.35509, "delta": 6.686559}}
{"target": 0.8903244674673899, "params": {"detectionthresholdsquare": 0.7944829032479312, "minimalnumberofconnections": 3.6848867914243826, "pafthreshold": 0.49143001907168926}, "datetime": {"datetime": "2021-07-12 16:02:00", "elapsed": 389.443283, "delta": 6.088193}}
{"target": 0.9382708921629278, "params": {"detectionthresholdsquare": 0.2394956159134285, "minimalnumberofconnections": 5.787084552827073, "pafthreshold": 0.25885599809272386}, "datetime": {"datetime": "2021-07-12 16:02:08", "elapsed": 397.745356, "delta": 8.302073}}
{"target": 0.7440844816358188, "params": {"detectionthresholdsquare": 0.41866068539481605, "minimalnumberofconnections": 20.318008424638478, "pafthreshold": 0.144539467988327}, "datetime": {"datetime": "2021-07-12 16:02:15", "elapsed": 404.411624, "delta": 6.666268}}
{"target": 0.764859399481327, "params": {"detectionthresholdsquare": 0.6225154879022189, "minimalnumberofconnections": 19.98888251108577, "pafthreshold": 0.06495695174335955}, "datetime": {"datetime": "2021-07-12 16:02:21", "elapsed": 411.08077, "delta": 6.669146}}
{"target": 0.8543787892848368, "params": {"detectionthresholdsquare": 0.352001659736163, "minimalnumberofconnections": 14.89396480251249, "pafthreshold": 0.3867051164009067}, "datetime": {"datetime": "2021-07-12 16:02:28", "elapsed": 418.059563, "delta": 6.978793}}
{"target": 0.9390040271643296, "params": {"detectionthresholdsquare": 0.17641573180023748, "minimalnumberofconnections": 5.832814653955941, "pafthreshold": 0.297884722415447}, "datetime": {"datetime": "2021-07-12 16:02:36", "elapsed": 426.238794, "delta": 8.179231}}
{"target": 0.7849431200694347, "params": {"detectionthresholdsquare": 0.6184652726698936, "minimalnumberofconnections": 20.36562524712711, "pafthreshold": 0.13330227367122427}, "datetime": {"datetime": "2021-07-12 16:02:43", "elapsed": 432.807267, "delta": 6.568473}}
{"target": 0.7531875439449501, "params": {"detectionthresholdsquare": 0.8859506265749612, "minimalnumberofconnections": 20.1823796914059, "pafthreshold": 0.05481886337984698}, "datetime": {"datetime": "2021-07-12 16:02:50", "elapsed": 439.44072, "delta": 6.633453}}
{"target": 0.7849431200694347, "params": {"detectionthresholdsquare": 0.7148013944724397, "minimalnumberofconnections": 20.272968055954085, "pafthreshold": 0.10804587789448003}, "datetime": {"datetime": "2021-07-12 16:02:56", "elapsed": 446.083548, "delta": 6.642828}}
{"target": 0.9347799723891073, "params": {"detectionthresholdsquare": 0.12289759754172827, "minimalnumberofconnections": 6.032660682990326, "pafthreshold": 0.31180308866559975}, "datetime": {"datetime": "2021-07-12 16:03:04", "elapsed": 454.249508, "delta": 8.16596}}
{"target": 0.9395735132225304, "params": {"detectionthresholdsquare": 0.1691631280206655, "minimalnumberofconnections": 5.9318631357790474, "pafthreshold": 0.222989995066048}, "datetime": {"datetime": "2021-07-12 16:03:13", "elapsed": 462.66042, "delta": 8.410912}}
{"target": 0.8539572004552822, "params": {"detectionthresholdsquare": 0.35886018363051764, "minimalnumberofconnections": 14.767482573396524, "pafthreshold": 0.40165085315851107}, "datetime": {"datetime": "2021-07-12 16:03:20", "elapsed": 469.508577, "delta": 6.848157}}
{"target": 0.7369698188557979, "params": {"detectionthresholdsquare": 0.3847946383303825, "minimalnumberofconnections": 19.52964007526752, "pafthreshold": 0.0819127498064168}, "datetime": {"datetime": "2021-07-12 16:03:26", "elapsed": 476.235743, "delta": 6.727166}}
{"target": 0.7849431200694347, "params": {"detectionthresholdsquare": 0.5575962594883906, "minimalnumberofconnections": 20.36366928902469, "pafthreshold": 0.08552706561473372}, "datetime": {"datetime": "2021-07-12 16:03:33", "elapsed": 482.937029, "delta": 6.701286}}
{"target": 0.7440844816358188, "params": {"detectionthresholdsquare": 0.30515126287517963, "minimalnumberofconnections": 20.20718023510984, "pafthreshold": 0.08239510949811325}, "datetime": {"datetime": "2021-07-12 16:03:40", "elapsed": 489.765873, "delta": 6.828844}}
{"target": 0.7936983412562504, "params": {"detectionthresholdsquare": 0.5408387683200736, "minimalnumberofconnections": 18.915493515747652, "pafthreshold": 0.11991798644506507}, "datetime": {"datetime": "2021-07-12 16:03:47", "elapsed": 496.419231, "delta": 6.653358}}
{"target": 0.7947107956957917, "params": {"detectionthresholdsquare": 0.7372610073013505, "minimalnumberofconnections": 3.6130483406368894, "pafthreshold": 0.5649054388500913}, "datetime": {"datetime": "2021-07-12 16:03:52", "elapsed": 501.386815, "delta": 4.967584}}
{"target": 0.7414574908885476, "params": {"detectionthresholdsquare": 0.8671296903431069, "minimalnumberofconnections": 19.95665846251354, "pafthreshold": 0.09043012711743005}, "datetime": {"datetime": "2021-07-12 16:03:58", "elapsed": 507.991562, "delta": 6.604747}}
